# JRE version: OpenJDK Runtime Environment Corretto-19.0.2.7.1 (19.0.2+7) (build 19.0.2+7-FR)
# Java VM: OpenJDK 64-Bit Server VM Corretto-19.0.2.7.1 (19.0.2+7-FR, mixed mode, emulated-client, sharing, tiered, compressed oops, compressed class ptrs, g1 gc, windows-amd64)
GC Precious Log:
 CardTable entry size: 512
 Card Set container configuration: InlinePtr #cards 5 size 8 Array Of Cards #cards 12 size 40 Howl #buckets 4 coarsen threshold 1843 Howl Bitmap #cards 512 size 80 coarsen threshold 460 Card regions per heap region 1 cards per card region 2048
 CPUs: 8 total, 8 available
 Memory: 6091M
 Large Page Support: Disabled
 NUMA Support: Disabled
 Compressed Oops: Enabled (32-bit)
 Heap Region Size: 1M
 Heap Min Capacity: 8M
 Heap Initial Capacity: 96M
 Heap Max Capacity: 1524M
 Pre-touch: Disabled
 Parallel Workers: 8
 Concurrent Workers: 2
 Concurrent Refinement Workers: 8
 Periodic GC: Disabled
Heap:
 garbage-first heap   total 51200K, used 21891K [0x00000000a0c00000, 0x0000000100000000)
  region size 1024K, 1 young (1024K), 1 survivors (1024K)
 Metaspace       used 45615K, committed 46144K, reserved 1114112K
  class space    used 6158K, committed 6400K, reserved 1048576K
GC Heap History (20 events):
Event: 2.019 GC heap after
{Heap after GC invocations=1 (full 0):
 garbage-first heap   total 98304K, used 7584K [0x00000000a0c00000, 0x0000000100000000)
  region size 1024K, 3 young (3072K), 3 survivors (3072K)
 Metaspace       used 7443K, committed 7680K, reserved 1114112K
  class space    used 886K, committed 1024K, reserved 1048576K
}
Event: 3.397 GC heap before
{Heap before GC invocations=1 (full 0):
 garbage-first heap   total 98304K, used 32160K [0x00000000a0c00000, 0x0000000100000000)
  region size 1024K, 28 young (28672K), 3 survivors (3072K)
 Metaspace       used 13732K, committed 14080K, reserved 1114112K
  class space    used 1722K, committed 1856K, reserved 1048576K
}
Event: 3.406 GC heap after
{Heap after GC invocations=2 (full 0):
 garbage-first heap   total 98304K, used 9715K [0x00000000a0c00000, 0x0000000100000000)
  region size 1024K, 2 young (2048K), 2 survivors (2048K)
 Metaspace       used 13732K, committed 14080K, reserved 1114112K
  class space    used 1722K, committed 1856K, reserved 1048576K
}
Event: 6.577 GC heap before
{Heap before GC invocations=2 (full 0):
 garbage-first heap   total 98304K, used 58867K [0x00000000a0c00000, 0x0000000100000000)
  region size 1024K, 52 young (53248K), 2 survivors (2048K)
 Metaspace       used 21198K, committed 21504K, reserved 1114112K
  class space    used 2723K, committed 2816K, reserved 1048576K
}
Event: 6.598 GC heap after
{Heap after GC invocations=3 (full 0):
 garbage-first heap   total 98304K, used 13575K [0x00000000a0c00000, 0x0000000100000000)
  region size 1024K, 6 young (6144K), 6 survivors (6144K)
 Metaspace       used 21198K, committed 21504K, reserved 1114112K
  class space    used 2723K, committed 2816K, reserved 1048576K
}
Event: 7.810 GC heap before
{Heap before GC invocations=4 (full 0):
 garbage-first heap   total 51200K, used 38151K [0x00000000a0c00000, 0x0000000100000000)
  region size 1024K, 30 young (30720K), 6 survivors (6144K)
 Metaspace       used 24837K, committed 25280K, reserved 1114112K
  class space    used 3301K, committed 3520K, reserved 1048576K
}
Event: 7.835 GC heap after
{Heap after GC invocations=5 (full 0):
 garbage-first heap   total 51200K, used 15686K [0x00000000a0c00000, 0x0000000100000000)
  region size 1024K, 3 young (3072K), 3 survivors (3072K)
 Metaspace       used 24837K, committed 25280K, reserved 1114112K
  class space    used 3301K, committed 3520K, reserved 1048576K
}
Event: 7.883 GC heap before
{Heap before GC invocations=5 (full 0):
 garbage-first heap   total 51200K, used 16710K [0x00000000a0c00000, 0x0000000100000000)
  region size 1024K, 4 young (4096K), 3 survivors (3072K)
 Metaspace       used 24931K, committed 25408K, reserved 1114112K
  class space    used 3317K, committed 3520K, reserved 1048576K
}
Event: 7.893 GC heap after
{Heap after GC invocations=6 (full 0):
 garbage-first heap   total 51200K, used 16329K [0x00000000a0c00000, 0x0000000100000000)
  region size 1024K, 1 young (1024K), 1 survivors (1024K)
 Metaspace       used 24931K, committed 25408K, reserved 1114112K
  class space    used 3317K, committed 3520K, reserved 1048576K
}
Event: 8.641 GC heap before
{Heap before GC invocations=6 (full 0):
 garbage-first heap   total 51200K, used 33737K [0x00000000a0c00000, 0x0000000100000000)
  region size 1024K, 19 young (19456K), 1 survivors (1024K)
 Metaspace       used 28216K, committed 28672K, reserved 1114112K
  class space    used 3757K, committed 3968K, reserved 1048576K
}
Event: 8.645 GC heap after
{Heap after GC invocations=7 (full 0):
 garbage-first heap   total 51200K, used 17794K [0x00000000a0c00000, 0x0000000100000000)
  region size 1024K, 2 young (2048K), 2 survivors (2048K)
 Metaspace       used 28216K, committed 28672K, reserved 1114112K
  class space    used 3757K, committed 3968K, reserved 1048576K
}
Event: 9.393 GC heap before
{Heap before GC invocations=7 (full 0):
 garbage-first heap   total 51200K, used 36226K [0x00000000a0c00000, 0x0000000100000000)
  region size 1024K, 20 young (20480K), 2 survivors (2048K)
 Metaspace       used 31912K, committed 32448K, reserved 1114112K
  class space    used 4269K, committed 4480K, reserved 1048576K
}
Event: 9.397 GC heap after
{Heap after GC invocations=8 (full 0):
 garbage-first heap   total 51200K, used 18759K [0x00000000a0c00000, 0x0000000100000000)
  region size 1024K, 2 young (2048K), 2 survivors (2048K)
 Metaspace       used 31912K, committed 32448K, reserved 1114112K
  class space    used 4269K, committed 4480K, reserved 1048576K
}
Event: 9.929 GC heap before
{Heap before GC invocations=8 (full 0):
 garbage-first heap   total 51200K, used 33095K [0x00000000a0c00000, 0x0000000100000000)
  region size 1024K, 17 young (17408K), 2 survivors (2048K)
 Metaspace       used 35421K, committed 35968K, reserved 1114112K
  class space    used 4776K, committed 5056K, reserved 1048576K
}
Event: 9.932 GC heap after
{Heap after GC invocations=9 (full 0):
 garbage-first heap   total 51200K, used 19466K [0x00000000a0c00000, 0x0000000100000000)
  region size 1024K, 2 young (2048K), 2 survivors (2048K)
 Metaspace       used 35421K, committed 35968K, reserved 1114112K
  class space    used 4776K, committed 5056K, reserved 1048576K
}
Event: 10.598 GC heap before
{Heap before GC invocations=10 (full 0):
 garbage-first heap   total 51200K, used 37898K [0x00000000a0c00000, 0x0000000100000000)
  region size 1024K, 20 young (20480K), 2 survivors (2048K)
 Metaspace       used 39994K, committed 40512K, reserved 1114112K
  class space    used 5379K, committed 5632K, reserved 1048576K
}
Event: 10.603 GC heap after
{Heap after GC invocations=11 (full 0):
 garbage-first heap   total 51200K, used 21291K [0x00000000a0c00000, 0x0000000100000000)
  region size 1024K, 3 young (3072K), 3 survivors (3072K)
 Metaspace       used 39994K, committed 40512K, reserved 1114112K
  class space    used 5379K, committed 5632K, reserved 1048576K
}
Event: 10.646 GC heap before
{Heap before GC invocations=11 (full 0):
 garbage-first heap   total 51200K, used 22315K [0x00000000a0c00000, 0x0000000100000000)
  region size 1024K, 4 young (4096K), 3 survivors (3072K)
 Metaspace       used 40210K, committed 40768K, reserved 1114112K
  class space    used 5407K, committed 5696K, reserved 1048576K
}
Event: 10.650 GC heap after
{Heap after GC invocations=12 (full 0):
 garbage-first heap   total 51200K, used 21223K [0x00000000a0c00000, 0x0000000100000000)
  region size 1024K, 1 young (1024K), 1 survivors (1024K)
 Metaspace       used 40210K, committed 40768K, reserved 1114112K
  class space    used 5407K, committed 5696K, reserved 1048576K
}
Event: 11.301 GC heap before
{Heap before GC invocations=12 (full 0):
 garbage-first heap   total 51200K, used 37607K [0x00000000a0c00000, 0x0000000100000000)
  region size 1024K, 18 young (18432K), 1 survivors (1024K)
 Metaspace       used 45615K, committed 46144K, reserved 1114112K
  class space    used 6158K, committed 6400K, reserved 1048576K
}

